<?xml version="1.0" encoding="UTF-8"?>
<robot generator="Robot 6.1.1 (Python 3.12.0 on win32)" generated="20231031 14:40:37.731" rpa="false" schemaversion="4">
<suite id="s1" name="PrimeiroTeste" source="C:\Users\linda\Desktop\Estudo\Python\Curso\Curso-Robot\PrimeiroTeste.robot">
<test id="s1-t1" name="Scenario: Login com Usuaio Valido" line="6">
<kw name="Given Use para fazer Login" library="resource">
<kw name="Open Browser" library="SeleniumLibrary">
<arg>${LOGIN_FORM_USE}</arg>
<doc>Opens a new browser instance to the optional ``url``.</doc>
<msg timestamp="20231031 14:40:37.956" level="INFO">Opening browser 'firefox' to base url 'https://www.saucedemo.com/'.</msg>
<status status="PASS" starttime="20231031 14:40:37.956" endtime="20231031 14:40:45.127"/>
</kw>
<kw name="Maximize Browser Window" library="SeleniumLibrary">
<doc>Maximizes current browser window.</doc>
<status status="PASS" starttime="20231031 14:40:45.127" endtime="20231031 14:40:45.402"/>
</kw>
<status status="PASS" starttime="20231031 14:40:37.955" endtime="20231031 14:40:45.402"/>
</kw>
<kw name="And Pagina Inicial" library="resource">
<kw name="Element Should Contain" library="SeleniumLibrary">
<arg>class=login_logo</arg>
<arg>Swag Labs</arg>
<doc>Verifies that element ``locator`` contains text ``expected``.</doc>
<msg timestamp="20231031 14:40:45.462" level="INFO">Element 'class=login_logo' contains text 'Swag Labs'.</msg>
<status status="PASS" starttime="20231031 14:40:45.402" endtime="20231031 14:40:45.462"/>
</kw>
<status status="PASS" starttime="20231031 14:40:45.402" endtime="20231031 14:40:45.462"/>
</kw>
<kw name="When Preencher o campo Username &quot;user-name&quot; com standard_user" library="resource" sourcename="Preencher o campo Username ${field_name} com ${field_value}">
<kw name="Input Text" library="SeleniumLibrary">
<arg>user-name</arg>
<arg>${field_value}</arg>
<doc>Types the given ``text`` into the text field identified by ``locator``.</doc>
<msg timestamp="20231031 14:40:45.463" level="INFO">Typing text 'standard_user' into text field 'user-name'.</msg>
<status status="PASS" starttime="20231031 14:40:45.463" endtime="20231031 14:40:45.548"/>
</kw>
<status status="PASS" starttime="20231031 14:40:45.463" endtime="20231031 14:40:45.548"/>
</kw>
<kw name="And Preencher o campo Password &quot;password_name&quot; e secret_sauce" library="resource" sourcename="Preencher o campo Password ${Password_name} e ${Password_value}">
<kw name="Input Text" library="SeleniumLibrary">
<arg>password</arg>
<arg>${Password_value}</arg>
<doc>Types the given ``text`` into the text field identified by ``locator``.</doc>
<msg timestamp="20231031 14:40:45.548" level="INFO">Typing text 'secret_sauce' into text field 'password'.</msg>
<status status="PASS" starttime="20231031 14:40:45.548" endtime="20231031 14:40:45.566"/>
</kw>
<status status="PASS" starttime="20231031 14:40:45.548" endtime="20231031 14:40:45.566"/>
</kw>
<kw name="And Acionar o botão Login" library="resource">
<kw name="Click Button" library="SeleniumLibrary">
<arg>Login</arg>
<doc>Clicks the button identified by ``locator``.</doc>
<msg timestamp="20231031 14:40:45.566" level="INFO">Clicking button 'Login'.</msg>
<status status="PASS" starttime="20231031 14:40:45.566" endtime="20231031 14:40:45.844"/>
</kw>
<status status="PASS" starttime="20231031 14:40:45.566" endtime="20231031 14:40:45.844"/>
</kw>
<kw name="Then Verificação da pagina Inicial" library="resource">
<kw name="Element Should Contain" library="SeleniumLibrary">
<arg>class=app_logo</arg>
<arg>Swag Labs</arg>
<doc>Verifies that element ``locator`` contains text ``expected``.</doc>
<msg timestamp="20231031 14:40:45.849" level="INFO">Element 'class=app_logo' contains text 'Swag Labs'.</msg>
<status status="PASS" starttime="20231031 14:40:45.844" endtime="20231031 14:40:45.849"/>
</kw>
<status status="PASS" starttime="20231031 14:40:45.844" endtime="20231031 14:40:45.849"/>
</kw>
<status status="PASS" starttime="20231031 14:40:37.947" endtime="20231031 14:40:45.854"/>
</test>
<test id="s1-t2" name="Scenario: Logout após login" line="14">
<kw name="Given Use para fazer Login" library="resource">
<kw name="Open Browser" library="SeleniumLibrary">
<arg>${LOGIN_FORM_USE}</arg>
<doc>Opens a new browser instance to the optional ``url``.</doc>
<msg timestamp="20231031 14:40:45.854" level="INFO">Opening browser 'firefox' to base url 'https://www.saucedemo.com/'.</msg>
<status status="PASS" starttime="20231031 14:40:45.854" endtime="20231031 14:40:52.471"/>
</kw>
<kw name="Maximize Browser Window" library="SeleniumLibrary">
<doc>Maximizes current browser window.</doc>
<status status="PASS" starttime="20231031 14:40:52.471" endtime="20231031 14:40:52.750"/>
</kw>
<status status="PASS" starttime="20231031 14:40:45.854" endtime="20231031 14:40:52.750"/>
</kw>
<kw name="When Preencher o campo Username &quot;user-name&quot; com standard_user" library="resource" sourcename="Preencher o campo Username ${field_name} com ${field_value}">
<kw name="Input Text" library="SeleniumLibrary">
<arg>user-name</arg>
<arg>${field_value}</arg>
<doc>Types the given ``text`` into the text field identified by ``locator``.</doc>
<msg timestamp="20231031 14:40:52.754" level="INFO">Typing text 'standard_user' into text field 'user-name'.</msg>
<status status="PASS" starttime="20231031 14:40:52.754" endtime="20231031 14:40:52.851"/>
</kw>
<status status="PASS" starttime="20231031 14:40:52.751" endtime="20231031 14:40:52.851"/>
</kw>
<kw name="And Preencher o campo Password &quot;password_name&quot; e secret_sauce" library="resource" sourcename="Preencher o campo Password ${Password_name} e ${Password_value}">
<kw name="Input Text" library="SeleniumLibrary">
<arg>password</arg>
<arg>${Password_value}</arg>
<doc>Types the given ``text`` into the text field identified by ``locator``.</doc>
<msg timestamp="20231031 14:40:52.851" level="INFO">Typing text 'secret_sauce' into text field 'password'.</msg>
<status status="PASS" starttime="20231031 14:40:52.851" endtime="20231031 14:40:52.882"/>
</kw>
<status status="PASS" starttime="20231031 14:40:52.851" endtime="20231031 14:40:52.882"/>
</kw>
<kw name="And Acionar o botão Login" library="resource">
<kw name="Click Button" library="SeleniumLibrary">
<arg>Login</arg>
<doc>Clicks the button identified by ``locator``.</doc>
<msg timestamp="20231031 14:40:52.882" level="INFO">Clicking button 'Login'.</msg>
<status status="PASS" starttime="20231031 14:40:52.882" endtime="20231031 14:40:53.150"/>
</kw>
<status status="PASS" starttime="20231031 14:40:52.882" endtime="20231031 14:40:53.150"/>
</kw>
<kw name="And Verificação da pagina Inicial" library="resource">
<kw name="Element Should Contain" library="SeleniumLibrary">
<arg>class=app_logo</arg>
<arg>Swag Labs</arg>
<doc>Verifies that element ``locator`` contains text ``expected``.</doc>
<msg timestamp="20231031 14:40:53.164" level="INFO">Element 'class=app_logo' contains text 'Swag Labs'.</msg>
<status status="PASS" starttime="20231031 14:40:53.151" endtime="20231031 14:40:53.164"/>
</kw>
<status status="PASS" starttime="20231031 14:40:53.151" endtime="20231031 14:40:53.164"/>
</kw>
<kw name="And Acionar menu da pagina Inicial" library="resource">
<kw name="Click Button" library="SeleniumLibrary">
<arg>Open Menu</arg>
<doc>Clicks the button identified by ``locator``.</doc>
<msg timestamp="20231031 14:40:53.168" level="INFO">Clicking button 'Open Menu'.</msg>
<status status="PASS" starttime="20231031 14:40:53.164" endtime="20231031 14:40:53.398"/>
</kw>
<status status="PASS" starttime="20231031 14:40:53.164" endtime="20231031 14:40:53.398"/>
</kw>
<kw name="And Acionar o botão de Logout" library="resource">
<kw name="Click Element" library="SeleniumLibrary">
<arg>id=logout_sidebar_link</arg>
<doc>Click the element identified by ``locator``.</doc>
<msg timestamp="20231031 14:40:53.398" level="INFO">Clicking element 'id=logout_sidebar_link'.</msg>
<status status="PASS" starttime="20231031 14:40:53.398" endtime="20231031 14:40:53.621"/>
</kw>
<status status="PASS" starttime="20231031 14:40:53.398" endtime="20231031 14:40:53.621"/>
</kw>
<kw name="Then Pagina Inicial" library="resource">
<kw name="Element Should Contain" library="SeleniumLibrary">
<arg>class=login_logo</arg>
<arg>Swag Labs</arg>
<doc>Verifies that element ``locator`` contains text ``expected``.</doc>
<msg timestamp="20231031 14:40:53.633" level="INFO">Element 'class=login_logo' contains text 'Swag Labs'.</msg>
<status status="PASS" starttime="20231031 14:40:53.621" endtime="20231031 14:40:53.634"/>
</kw>
<status status="PASS" starttime="20231031 14:40:53.621" endtime="20231031 14:40:53.634"/>
</kw>
<kw name="And Fechar navegador Pagina Inicial" library="resource">
<kw name="Element Should Contain" library="SeleniumLibrary">
<arg>class=login_logo</arg>
<arg>Swag Labs</arg>
<doc>Verifies that element ``locator`` contains text ``expected``.</doc>
<msg timestamp="20231031 14:40:53.641" level="INFO">Element 'class=login_logo' contains text 'Swag Labs'.</msg>
<status status="PASS" starttime="20231031 14:40:53.634" endtime="20231031 14:40:53.641"/>
</kw>
<kw name="Close Browser" library="SeleniumLibrary" type="TEARDOWN">
<doc>Closes the current browser.</doc>
<status status="PASS" starttime="20231031 14:40:53.641" endtime="20231031 14:40:56.710"/>
</kw>
<status status="PASS" starttime="20231031 14:40:53.634" endtime="20231031 14:40:56.710"/>
</kw>
<status status="PASS" starttime="20231031 14:40:45.854" endtime="20231031 14:40:56.710"/>
</test>
<test id="s1-t3" name="Scenario: Adicionar item ao carrinho" line="25">
<kw name="Given Use para fazer Login" library="resource">
<kw name="Open Browser" library="SeleniumLibrary">
<arg>${LOGIN_FORM_USE}</arg>
<doc>Opens a new browser instance to the optional ``url``.</doc>
<msg timestamp="20231031 14:40:56.710" level="INFO">Opening browser 'firefox' to base url 'https://www.saucedemo.com/'.</msg>
<status status="PASS" starttime="20231031 14:40:56.710" endtime="20231031 14:41:03.229"/>
</kw>
<kw name="Maximize Browser Window" library="SeleniumLibrary">
<doc>Maximizes current browser window.</doc>
<status status="PASS" starttime="20231031 14:41:03.229" endtime="20231031 14:41:03.511"/>
</kw>
<status status="PASS" starttime="20231031 14:40:56.710" endtime="20231031 14:41:03.511"/>
</kw>
<kw name="And Pagina Inicial" library="resource">
<kw name="Element Should Contain" library="SeleniumLibrary">
<arg>class=login_logo</arg>
<arg>Swag Labs</arg>
<doc>Verifies that element ``locator`` contains text ``expected``.</doc>
<msg timestamp="20231031 14:41:03.563" level="INFO">Element 'class=login_logo' contains text 'Swag Labs'.</msg>
<status status="PASS" starttime="20231031 14:41:03.511" endtime="20231031 14:41:03.563"/>
</kw>
<status status="PASS" starttime="20231031 14:41:03.511" endtime="20231031 14:41:03.563"/>
</kw>
<kw name="When Preencher o campo Username &quot;user-name&quot; com standard_user" library="resource" sourcename="Preencher o campo Username ${field_name} com ${field_value}">
<kw name="Input Text" library="SeleniumLibrary">
<arg>user-name</arg>
<arg>${field_value}</arg>
<doc>Types the given ``text`` into the text field identified by ``locator``.</doc>
<msg timestamp="20231031 14:41:03.565" level="INFO">Typing text 'standard_user' into text field 'user-name'.</msg>
<status status="PASS" starttime="20231031 14:41:03.564" endtime="20231031 14:41:03.673"/>
</kw>
<status status="PASS" starttime="20231031 14:41:03.564" endtime="20231031 14:41:03.673"/>
</kw>
<kw name="And Preencher o campo Password &quot;password_name&quot; e secret_sauce" library="resource" sourcename="Preencher o campo Password ${Password_name} e ${Password_value}">
<kw name="Input Text" library="SeleniumLibrary">
<arg>password</arg>
<arg>${Password_value}</arg>
<doc>Types the given ``text`` into the text field identified by ``locator``.</doc>
<msg timestamp="20231031 14:41:03.674" level="INFO">Typing text 'secret_sauce' into text field 'password'.</msg>
<status status="PASS" starttime="20231031 14:41:03.674" endtime="20231031 14:41:03.702"/>
</kw>
<status status="PASS" starttime="20231031 14:41:03.674" endtime="20231031 14:41:03.702"/>
</kw>
<kw name="And Acionar o botão Login" library="resource">
<kw name="Click Button" library="SeleniumLibrary">
<arg>Login</arg>
<doc>Clicks the button identified by ``locator``.</doc>
<msg timestamp="20231031 14:41:03.702" level="INFO">Clicking button 'Login'.</msg>
<status status="PASS" starttime="20231031 14:41:03.702" endtime="20231031 14:41:03.975"/>
</kw>
<status status="PASS" starttime="20231031 14:41:03.702" endtime="20231031 14:41:03.975"/>
</kw>
<kw name="And Verificação da pagina Inicial" library="resource">
<kw name="Element Should Contain" library="SeleniumLibrary">
<arg>class=app_logo</arg>
<arg>Swag Labs</arg>
<doc>Verifies that element ``locator`` contains text ``expected``.</doc>
<msg timestamp="20231031 14:41:03.987" level="INFO">Element 'class=app_logo' contains text 'Swag Labs'.</msg>
<status status="PASS" starttime="20231031 14:41:03.975" endtime="20231031 14:41:03.987"/>
</kw>
<status status="PASS" starttime="20231031 14:41:03.975" endtime="20231031 14:41:03.987"/>
</kw>
<kw name="And Adicionar produto ao carrinho" library="resource">
<kw name="Click Button" library="SeleniumLibrary">
<arg>id=add-to-cart-sauce-labs-backpack</arg>
<doc>Clicks the button identified by ``locator``.</doc>
<msg timestamp="20231031 14:41:03.988" level="INFO">Clicking button 'id=add-to-cart-sauce-labs-backpack'.</msg>
<status status="PASS" starttime="20231031 14:41:03.988" endtime="20231031 14:41:04.222"/>
</kw>
<status status="PASS" starttime="20231031 14:41:03.987" endtime="20231031 14:41:04.222"/>
</kw>
<kw name="Then Fechar navegador quando Logado" library="resource">
<kw name="Element Should Contain" library="SeleniumLibrary">
<arg>class=app_logo</arg>
<arg>Swag Labs</arg>
<doc>Verifies that element ``locator`` contains text ``expected``.</doc>
<msg timestamp="20231031 14:41:04.228" level="INFO">Element 'class=app_logo' contains text 'Swag Labs'.</msg>
<status status="PASS" starttime="20231031 14:41:04.222" endtime="20231031 14:41:04.228"/>
</kw>
<kw name="Close Browser" library="SeleniumLibrary" type="TEARDOWN">
<doc>Closes the current browser.</doc>
<status status="PASS" starttime="20231031 14:41:04.228" endtime="20231031 14:41:07.011"/>
</kw>
<status status="PASS" starttime="20231031 14:41:04.222" endtime="20231031 14:41:07.011"/>
</kw>
<status status="PASS" starttime="20231031 14:40:56.710" endtime="20231031 14:41:07.011"/>
</test>
<test id="s1-t4" name="Scenario: Remover item do carrinho na pagina do carrinho" line="35">
<kw name="Given Use para fazer Login" library="resource">
<kw name="Open Browser" library="SeleniumLibrary">
<arg>${LOGIN_FORM_USE}</arg>
<doc>Opens a new browser instance to the optional ``url``.</doc>
<msg timestamp="20231031 14:41:07.011" level="INFO">Opening browser 'firefox' to base url 'https://www.saucedemo.com/'.</msg>
<status status="PASS" starttime="20231031 14:41:07.011" endtime="20231031 14:41:13.100"/>
</kw>
<kw name="Maximize Browser Window" library="SeleniumLibrary">
<doc>Maximizes current browser window.</doc>
<status status="PASS" starttime="20231031 14:41:13.100" endtime="20231031 14:41:13.374"/>
</kw>
<status status="PASS" starttime="20231031 14:41:07.011" endtime="20231031 14:41:13.375"/>
</kw>
<kw name="And Pagina Inicial" library="resource">
<kw name="Element Should Contain" library="SeleniumLibrary">
<arg>class=login_logo</arg>
<arg>Swag Labs</arg>
<doc>Verifies that element ``locator`` contains text ``expected``.</doc>
<msg timestamp="20231031 14:41:13.410" level="INFO">Element 'class=login_logo' contains text 'Swag Labs'.</msg>
<status status="PASS" starttime="20231031 14:41:13.376" endtime="20231031 14:41:13.410"/>
</kw>
<status status="PASS" starttime="20231031 14:41:13.376" endtime="20231031 14:41:13.410"/>
</kw>
<kw name="When Preencher o campo Username &quot;user-name&quot; com standard_user" library="resource" sourcename="Preencher o campo Username ${field_name} com ${field_value}">
<kw name="Input Text" library="SeleniumLibrary">
<arg>user-name</arg>
<arg>${field_value}</arg>
<doc>Types the given ``text`` into the text field identified by ``locator``.</doc>
<msg timestamp="20231031 14:41:13.411" level="INFO">Typing text 'standard_user' into text field 'user-name'.</msg>
<status status="PASS" starttime="20231031 14:41:13.411" endtime="20231031 14:41:13.490"/>
</kw>
<status status="PASS" starttime="20231031 14:41:13.410" endtime="20231031 14:41:13.490"/>
</kw>
<kw name="And Preencher o campo Password &quot;password_name&quot; e secret_sauce" library="resource" sourcename="Preencher o campo Password ${Password_name} e ${Password_value}">
<kw name="Input Text" library="SeleniumLibrary">
<arg>password</arg>
<arg>${Password_value}</arg>
<doc>Types the given ``text`` into the text field identified by ``locator``.</doc>
<msg timestamp="20231031 14:41:13.490" level="INFO">Typing text 'secret_sauce' into text field 'password'.</msg>
<status status="PASS" starttime="20231031 14:41:13.490" endtime="20231031 14:41:13.517"/>
</kw>
<status status="PASS" starttime="20231031 14:41:13.490" endtime="20231031 14:41:13.517"/>
</kw>
<kw name="And Acionar o botão Login" library="resource">
<kw name="Click Button" library="SeleniumLibrary">
<arg>Login</arg>
<doc>Clicks the button identified by ``locator``.</doc>
<msg timestamp="20231031 14:41:13.517" level="INFO">Clicking button 'Login'.</msg>
<status status="PASS" starttime="20231031 14:41:13.517" endtime="20231031 14:41:13.767"/>
</kw>
<status status="PASS" starttime="20231031 14:41:13.517" endtime="20231031 14:41:13.767"/>
</kw>
<kw name="And Verificação da pagina Inicial" library="resource">
<kw name="Element Should Contain" library="SeleniumLibrary">
<arg>class=app_logo</arg>
<arg>Swag Labs</arg>
<doc>Verifies that element ``locator`` contains text ``expected``.</doc>
<msg timestamp="20231031 14:41:13.777" level="INFO">Element 'class=app_logo' contains text 'Swag Labs'.</msg>
<status status="PASS" starttime="20231031 14:41:13.768" endtime="20231031 14:41:13.777"/>
</kw>
<status status="PASS" starttime="20231031 14:41:13.768" endtime="20231031 14:41:13.777"/>
</kw>
<kw name="And Adicionar produto ao carrinho" library="resource">
<kw name="Click Button" library="SeleniumLibrary">
<arg>id=add-to-cart-sauce-labs-backpack</arg>
<doc>Clicks the button identified by ``locator``.</doc>
<msg timestamp="20231031 14:41:13.778" level="INFO">Clicking button 'id=add-to-cart-sauce-labs-backpack'.</msg>
<status status="PASS" starttime="20231031 14:41:13.778" endtime="20231031 14:41:13.998"/>
</kw>
<status status="PASS" starttime="20231031 14:41:13.778" endtime="20231031 14:41:13.998"/>
</kw>
<kw name="And Acessar a pagina do Carrinho" library="resource">
<kw name="Click Element" library="SeleniumLibrary">
<arg>class=shopping_cart_container</arg>
<doc>Click the element identified by ``locator``.</doc>
<msg timestamp="20231031 14:41:13.998" level="INFO">Clicking element 'class=shopping_cart_container'.</msg>
<status status="PASS" starttime="20231031 14:41:13.998" endtime="20231031 14:41:14.219"/>
</kw>
<status status="PASS" starttime="20231031 14:41:13.998" endtime="20231031 14:41:14.219"/>
</kw>
<kw name="And Remover item na pagina do carrinho" library="resource">
<kw name="Click Button" library="SeleniumLibrary">
<arg>name=remove-sauce-labs-backpack</arg>
<doc>Clicks the button identified by ``locator``.</doc>
<msg timestamp="20231031 14:41:14.219" level="INFO">Clicking button 'name=remove-sauce-labs-backpack'.</msg>
<status status="PASS" starttime="20231031 14:41:14.219" endtime="20231031 14:41:14.440"/>
</kw>
<status status="PASS" starttime="20231031 14:41:14.219" endtime="20231031 14:41:14.440"/>
</kw>
<kw name="And Verificação da pagina Carrinho" library="resource">
<kw name="Element Should Contain" library="SeleniumLibrary">
<arg>class=title</arg>
<arg>Your Cart</arg>
<doc>Verifies that element ``locator`` contains text ``expected``.</doc>
<msg timestamp="20231031 14:41:14.446" level="INFO">Element 'class=title' contains text 'Your Cart'.</msg>
<status status="PASS" starttime="20231031 14:41:14.440" endtime="20231031 14:41:14.446"/>
</kw>
<status status="PASS" starttime="20231031 14:41:14.440" endtime="20231031 14:41:14.446"/>
</kw>
<kw name="Then Fechar navegador quando Logado" library="resource">
<kw name="Element Should Contain" library="SeleniumLibrary">
<arg>class=app_logo</arg>
<arg>Swag Labs</arg>
<doc>Verifies that element ``locator`` contains text ``expected``.</doc>
<msg timestamp="20231031 14:41:14.450" level="INFO">Element 'class=app_logo' contains text 'Swag Labs'.</msg>
<status status="PASS" starttime="20231031 14:41:14.446" endtime="20231031 14:41:14.450"/>
</kw>
<kw name="Close Browser" library="SeleniumLibrary" type="TEARDOWN">
<doc>Closes the current browser.</doc>
<status status="PASS" starttime="20231031 14:41:14.450" endtime="20231031 14:41:17.216"/>
</kw>
<status status="PASS" starttime="20231031 14:41:14.446" endtime="20231031 14:41:17.216"/>
</kw>
<status status="PASS" starttime="20231031 14:41:07.011" endtime="20231031 14:41:17.217"/>
</test>
<test id="s1-t5" name="Scenario: Fazer login,adicionar ao carrinho, Checkout e finalizar compra" line="48">
<kw name="Given Use para fazer Login" library="resource">
<kw name="Open Browser" library="SeleniumLibrary">
<arg>${LOGIN_FORM_USE}</arg>
<doc>Opens a new browser instance to the optional ``url``.</doc>
<msg timestamp="20231031 14:41:17.221" level="INFO">Opening browser 'firefox' to base url 'https://www.saucedemo.com/'.</msg>
<status status="PASS" starttime="20231031 14:41:17.220" endtime="20231031 14:41:23.590"/>
</kw>
<kw name="Maximize Browser Window" library="SeleniumLibrary">
<doc>Maximizes current browser window.</doc>
<status status="PASS" starttime="20231031 14:41:23.590" endtime="20231031 14:41:23.874"/>
</kw>
<status status="PASS" starttime="20231031 14:41:17.219" endtime="20231031 14:41:23.874"/>
</kw>
<kw name="And Pagina Inicial" library="resource">
<kw name="Element Should Contain" library="SeleniumLibrary">
<arg>class=login_logo</arg>
<arg>Swag Labs</arg>
<doc>Verifies that element ``locator`` contains text ``expected``.</doc>
<msg timestamp="20231031 14:41:23.912" level="INFO">Element 'class=login_logo' contains text 'Swag Labs'.</msg>
<status status="PASS" starttime="20231031 14:41:23.874" endtime="20231031 14:41:23.912"/>
</kw>
<status status="PASS" starttime="20231031 14:41:23.874" endtime="20231031 14:41:23.912"/>
</kw>
<kw name="When Preencher o campo Username &quot;user-name&quot; com standard_user" library="resource" sourcename="Preencher o campo Username ${field_name} com ${field_value}">
<kw name="Input Text" library="SeleniumLibrary">
<arg>user-name</arg>
<arg>${field_value}</arg>
<doc>Types the given ``text`` into the text field identified by ``locator``.</doc>
<msg timestamp="20231031 14:41:23.914" level="INFO">Typing text 'standard_user' into text field 'user-name'.</msg>
<status status="PASS" starttime="20231031 14:41:23.913" endtime="20231031 14:41:23.996"/>
</kw>
<status status="PASS" starttime="20231031 14:41:23.913" endtime="20231031 14:41:23.996"/>
</kw>
<kw name="And Preencher o campo Password &quot;password_name&quot; e secret_sauce" library="resource" sourcename="Preencher o campo Password ${Password_name} e ${Password_value}">
<kw name="Input Text" library="SeleniumLibrary">
<arg>password</arg>
<arg>${Password_value}</arg>
<doc>Types the given ``text`` into the text field identified by ``locator``.</doc>
<msg timestamp="20231031 14:41:23.997" level="INFO">Typing text 'secret_sauce' into text field 'password'.</msg>
<status status="PASS" starttime="20231031 14:41:23.997" endtime="20231031 14:41:24.020"/>
</kw>
<status status="PASS" starttime="20231031 14:41:23.997" endtime="20231031 14:41:24.020"/>
</kw>
<kw name="And Acionar o botão Login" library="resource">
<kw name="Click Button" library="SeleniumLibrary">
<arg>Login</arg>
<doc>Clicks the button identified by ``locator``.</doc>
<msg timestamp="20231031 14:41:24.020" level="INFO">Clicking button 'Login'.</msg>
<status status="PASS" starttime="20231031 14:41:24.020" endtime="20231031 14:41:24.279"/>
</kw>
<status status="PASS" starttime="20231031 14:41:24.020" endtime="20231031 14:41:24.279"/>
</kw>
<kw name="And Verificação da pagina Inicial" library="resource">
<kw name="Element Should Contain" library="SeleniumLibrary">
<arg>class=app_logo</arg>
<arg>Swag Labs</arg>
<doc>Verifies that element ``locator`` contains text ``expected``.</doc>
<msg timestamp="20231031 14:41:24.286" level="INFO">Element 'class=app_logo' contains text 'Swag Labs'.</msg>
<status status="PASS" starttime="20231031 14:41:24.279" endtime="20231031 14:41:24.286"/>
</kw>
<status status="PASS" starttime="20231031 14:41:24.279" endtime="20231031 14:41:24.286"/>
</kw>
<kw name="And Adicionar produto ao carrinho" library="resource">
<kw name="Click Button" library="SeleniumLibrary">
<arg>id=add-to-cart-sauce-labs-backpack</arg>
<doc>Clicks the button identified by ``locator``.</doc>
<msg timestamp="20231031 14:41:24.293" level="INFO">Clicking button 'id=add-to-cart-sauce-labs-backpack'.</msg>
<status status="PASS" starttime="20231031 14:41:24.293" endtime="20231031 14:41:24.522"/>
</kw>
<status status="PASS" starttime="20231031 14:41:24.293" endtime="20231031 14:41:24.522"/>
</kw>
<kw name="And Acessar a pagina do Carrinho" library="resource">
<kw name="Click Element" library="SeleniumLibrary">
<arg>class=shopping_cart_container</arg>
<doc>Click the element identified by ``locator``.</doc>
<msg timestamp="20231031 14:41:24.522" level="INFO">Clicking element 'class=shopping_cart_container'.</msg>
<status status="PASS" starttime="20231031 14:41:24.522" endtime="20231031 14:41:24.743"/>
</kw>
<status status="PASS" starttime="20231031 14:41:24.522" endtime="20231031 14:41:24.743"/>
</kw>
<kw name="And Acionar botão Checkout" library="resource">
<kw name="Click Button" library="SeleniumLibrary">
<arg>name=checkout</arg>
<doc>Clicks the button identified by ``locator``.</doc>
<msg timestamp="20231031 14:41:24.743" level="INFO">Clicking button 'name=checkout'.</msg>
<status status="PASS" starttime="20231031 14:41:24.743" endtime="20231031 14:41:24.977"/>
</kw>
<status status="PASS" starttime="20231031 14:41:24.743" endtime="20231031 14:41:24.977"/>
</kw>
<kw name="And Preencher o campo firstName &quot;firstName&quot; com Myke" library="resource" sourcename="Preencher o campo firstName ${field_name} com ${field_value}">
<kw name="Input Text" library="SeleniumLibrary">
<arg>firstName</arg>
<arg>${field_value}</arg>
<doc>Types the given ``text`` into the text field identified by ``locator``.</doc>
<msg timestamp="20231031 14:41:24.977" level="INFO">Typing text 'Myke' into text field 'firstName'.</msg>
<status status="PASS" starttime="20231031 14:41:24.977" endtime="20231031 14:41:25.006"/>
</kw>
<status status="PASS" starttime="20231031 14:41:24.977" endtime="20231031 14:41:25.006"/>
</kw>
<kw name="And Preencher o campo lastName &quot;lastName&quot; com Leal" library="resource" sourcename="Preencher o campo lastName ${field_name} com ${field_value}">
<kw name="Input Text" library="SeleniumLibrary">
<arg>lastName</arg>
<arg>${field_value}</arg>
<doc>Types the given ``text`` into the text field identified by ``locator``.</doc>
<msg timestamp="20231031 14:41:25.006" level="INFO">Typing text 'Leal' into text field 'lastName'.</msg>
<status status="PASS" starttime="20231031 14:41:25.006" endtime="20231031 14:41:25.035"/>
</kw>
<status status="PASS" starttime="20231031 14:41:25.006" endtime="20231031 14:41:25.035"/>
</kw>
<kw name="And Preencher o campo postalCode &quot;postalCode&quot; com 32425155" library="resource" sourcename="Preencher o campo postalCode ${field_name} com ${field_value}">
<kw name="Input Text" library="SeleniumLibrary">
<arg>postalCode</arg>
<arg>${field_value}</arg>
<doc>Types the given ``text`` into the text field identified by ``locator``.</doc>
<msg timestamp="20231031 14:41:25.036" level="INFO">Typing text '32425155' into text field 'postalCode'.</msg>
<status status="PASS" starttime="20231031 14:41:25.036" endtime="20231031 14:41:25.064"/>
</kw>
<status status="PASS" starttime="20231031 14:41:25.036" endtime="20231031 14:41:25.064"/>
</kw>
<kw name="And Acionar botão Continue" library="resource">
<kw name="Click Button" library="SeleniumLibrary">
<arg>name=continue</arg>
<doc>Clicks the button identified by ``locator``.</doc>
<msg timestamp="20231031 14:41:25.064" level="INFO">Clicking button 'name=continue'.</msg>
<status status="PASS" starttime="20231031 14:41:25.064" endtime="20231031 14:41:25.285"/>
</kw>
<status status="PASS" starttime="20231031 14:41:25.064" endtime="20231031 14:41:25.285"/>
</kw>
<kw name="And Verificar tela de finalização" library="resource">
<kw name="Element Should Contain" library="SeleniumLibrary">
<arg>class=summary_info_label</arg>
<arg>Payment Information</arg>
<doc>Verifies that element ``locator`` contains text ``expected``.</doc>
<msg timestamp="20231031 14:41:25.291" level="INFO">Element 'class=summary_info_label' contains text 'Payment Information'.</msg>
<status status="PASS" starttime="20231031 14:41:25.286" endtime="20231031 14:41:25.291"/>
</kw>
<status status="PASS" starttime="20231031 14:41:25.286" endtime="20231031 14:41:25.291"/>
</kw>
<kw name="And Acionar o botão Finalizar" library="resource">
<kw name="Click Button" library="SeleniumLibrary">
<arg>name=finish</arg>
<doc>Clicks the button identified by ``locator``.</doc>
<msg timestamp="20231031 14:41:25.292" level="INFO">Clicking button 'name=finish'.</msg>
<status status="PASS" starttime="20231031 14:41:25.292" endtime="20231031 14:41:25.520"/>
</kw>
<status status="PASS" starttime="20231031 14:41:25.292" endtime="20231031 14:41:25.520"/>
</kw>
<kw name="Then Verificar tela Finalizar" library="resource">
<kw name="Element Should Contain" library="SeleniumLibrary">
<arg>class= complete-header</arg>
<arg>Thank you for your order!</arg>
<doc>Verifies that element ``locator`` contains text ``expected``.</doc>
<msg timestamp="20231031 14:41:25.528" level="INFO">Element 'class= complete-header' contains text 'Thank you for your order!'.</msg>
<status status="PASS" starttime="20231031 14:41:25.520" endtime="20231031 14:41:25.528"/>
</kw>
<status status="PASS" starttime="20231031 14:41:25.520" endtime="20231031 14:41:25.528"/>
</kw>
<kw name="And Acionar o Botão Back Home" library="resource">
<kw name="Click Button" library="SeleniumLibrary">
<arg>name=back-to-products</arg>
<doc>Clicks the button identified by ``locator``.</doc>
<msg timestamp="20231031 14:41:25.528" level="INFO">Clicking button 'name=back-to-products'.</msg>
<status status="PASS" starttime="20231031 14:41:25.528" endtime="20231031 14:41:25.752"/>
</kw>
<status status="PASS" starttime="20231031 14:41:25.528" endtime="20231031 14:41:25.752"/>
</kw>
<kw name="And Fechar navegador quando Logado" library="resource">
<kw name="Element Should Contain" library="SeleniumLibrary">
<arg>class=app_logo</arg>
<arg>Swag Labs</arg>
<doc>Verifies that element ``locator`` contains text ``expected``.</doc>
<msg timestamp="20231031 14:41:25.767" level="INFO">Element 'class=app_logo' contains text 'Swag Labs'.</msg>
<status status="PASS" starttime="20231031 14:41:25.752" endtime="20231031 14:41:25.767"/>
</kw>
<kw name="Close Browser" library="SeleniumLibrary" type="TEARDOWN">
<doc>Closes the current browser.</doc>
<status status="PASS" starttime="20231031 14:41:25.767" endtime="20231031 14:41:29.207"/>
</kw>
<status status="PASS" starttime="20231031 14:41:25.752" endtime="20231031 14:41:29.207"/>
</kw>
<status status="PASS" starttime="20231031 14:41:17.219" endtime="20231031 14:41:29.207"/>
</test>
<status status="PASS" starttime="20231031 14:40:37.735" endtime="20231031 14:41:29.208"/>
</suite>
<statistics>
<total>
<stat pass="5" fail="0" skip="0">All Tests</stat>
</total>
<tag>
</tag>
<suite>
<stat pass="5" fail="0" skip="0" id="s1" name="PrimeiroTeste">PrimeiroTeste</stat>
</suite>
</statistics>
<errors>
</errors>
</robot>
